
ble_sdk_lt_app.elf:     file format elf32-littletc32
ble_sdk_lt_app.elf
architecture: tc32, flags 0x00000112:
EXEC_P, HAS_SYMS, D_PAGED
start address 0x00000000

Program Header:
    LOAD off    0x00008000 vaddr 0x00000000 paddr 0x00000000 align 2**15
         filesz 0x00000484 memsz 0x00000484 flags r-x
    LOAD off    0x00008e00 vaddr 0x00808e00 paddr 0x00808e00 align 2**15
         filesz 0x00000000 memsz 0x00000380 flags rw-
private flags = 0: [APCS-32] [FPA float format]

Sections:
Idx Name          Size      VMA       LMA       File off  Algn
  0 .vectors      00000130  00000000  00000000  00008000  2**4
                  CONTENTS, ALLOC, LOAD, READONLY, CODE
  1 .ram_code     00000354  00000130  00000130  00008130  2**2
                  CONTENTS, ALLOC, LOAD, READONLY, CODE
  2 .bss          00000380  00808e00  00808e00  00008e00  2**4
                  ALLOC
  3 .TC32.attributes 00000010  00000000  00000000  00008484  2**0
                  CONTENTS, READONLY
  4 .comment      0000001a  00000000  00000000  00008494  2**0
                  CONTENTS, READONLY
SYMBOL TABLE:
00000000 l    d  .vectors	00000000 .vectors
00000130 l    d  .ram_code	00000000 .ram_code
00808e00 l    d  .bss	00000000 .bss
00000000 l    d  .TC32.attributes	00000000 .TC32.attributes
00000000 l    d  .comment	00000000 .comment
00000301 l       *ABS*	00000000 BUILD_VERSION
0000001f l       *ABS*	00000000 MODE_BITS
00000012 l       *ABS*	00000000 IRQ_MODE
00000013 l       *ABS*	00000000 SVC_MODE
00000180 l       *ABS*	00000000 IRQ_STK_SIZE
000000e8 l       .vectors	00000000 FLL_D
00000026 l       .vectors	00000000 FLL_STK
00000030 l       .vectors	00000000 FLL_STK_END
000000b4 l       .vectors	00000000 DAT0
00000046 l       .vectors	00000000 ZERO
00000050 l       .vectors	00000000 ZERO_END
00000054 l       .vectors	00000000 ZERO_TAG
0000005e l       .vectors	00000000 ZERO_TAG_END
0000005e l       .vectors	00000000 SETIC
00000068 l       .vectors	00000000 COPY_CODE_INIT
00000098 l       .vectors	00000000 COPY_DATA_INIT
0000008c l       .vectors	00000000 COPY_CODE_DAT
0000007a l       .vectors	00000000 COPY_CODE_START
00000088 l       .vectors	00000000 COPY_CODE_END
000000dc l       .vectors	00000000 DATA_I
0000009e l       .vectors	00000000 COPY_DATA
000000ac l       .vectors	00000000 COPY_DATA_END
000000b0 l       .vectors	00000000 END
00808e00 l     O .bss	00000180 irq_stk
00000128 l       .vectors	00000000 ASMEND
00000000 l    df *ABS*	00000000 main.c
00000000 l    df *ABS*	00000000 clock.c
00000000 l    df *ABS*	00000000 flash.c
000002c0 l     F .ram_code	00000040 flash_send_addr
00000300 l     F .ram_code	0000002c flash_send_cmd
0000032c l     F .ram_code	00000044 flash_wait_done
00000000 l    df *ABS*	00000000 blt_led.c
00000000         *UND*	00000000 rf_set_power_level_index
00809180 g       *ABS*	00000000 _end_bss_
0000000c g       *ABS*	00000000 __LOAD_RAM
0000040c g     F .ram_code	00000078 flash_read_page
00000484 g       *ABS*	00000000 _bin_size_
00000000         *UND*	00000000 ev_buf_free
00000020 g       .vectors	00000000 __reset
00000000         *UND*	00000000 xtalType_rfMode
00000050 g       *ABS*	00000000 _ramcode_size_div_16_align_256_
00000484 g       *ABS*	00000000 _code_size_
00808e00 g       .ram_code	00000000 _end_data_
00808f80 g     O .bss	00000100 buff
00808e00 g       .bss	00000000 _start_bss_
000003b0 g     F .ram_code	0000005c flash_write_page
00000000         *UND*	00000000 rega_powerdn_dcdc_6p75
00000000 g       .vectors	00000000 __start
00808e00 g       .ram_code	00000000 _start_data_
000002ac g     F .ram_code	00000014 sleep_us
00809080 g     O .bss	00000100 check_buff
00000005 g       *ABS*	00000000 _ramcode_size_div_256_
00000000         *UND*	00000000 rf_drv_1m
00000000         *UND*	00000000 rf_drv_2m
00000134 g     F .ram_code	00000178 main
00000000         *UND*	00000000 rega_poweron_dcdc_6p75
00000000         *UND*	00000000 TxPkt
00000130 g     F .ram_code	00000002 irq_handler
00808500 g       *ABS*	00000000 _ictag_start_
00000000         *UND*	00000000 usbmouse_hid_report
00808600 g       *ABS*	00000000 _ictag_end_
00000100 g       .vectors	00000000 __irq
00000484 g       *ABS*	00000000 _dstored_
00000000         *UND*	00000000 SetRxMode
00000370 g     F .ram_code	00000040 flash_erase_sector
00000000         *UND*	00000000 SetTxMode



Disassembly of section .vectors:

00000000 <__start>:
   0:	800e      	tj.n	20 <__reset>
   2:	00000301 	tandeq	r0, r0, r1, lsl #6
   6:	4e4b0000 	undefined instruction 0x4e4b0000
   a:	0050544c 	tsubseq	r5, r0, ip, asr #8
   e:	80760088 	trsubshi	r0, r6, r8, lsl #1
  12:	0000      	tands	r0, r0
  14:	0000      	tands	r0, r0
  16:	0000      	tands	r0, r0
  18:	00000484 	tandeq	r0, r0, r4, lsl #9
  1c:	00000000 	tandeq	r0, r0, r0

00000020 <__reset>:
  20:	0831      	tloadr	r0, [pc, #196]	; (e8 <FLL_D>)
  22:	0932      	tloadr	r1, [pc, #200]	; (ec <FLL_D+0x4>)
  24:	0a32      	tloadr	r2, [pc, #200]	; (f0 <FLL_D+0x8>)

00000026 <FLL_STK>:
  26:	0291      	tcmp	r1, r2
  28:	ca02      	tjge.n	30 <FLL_STK_END>
  2a:	5008      	tstorer	r0, [r1, #0]
  2c:	b104      	tadds	r1, #4
  2e:	87fa      	tj.n	26 <FLL_STK>

00000030 <FLL_STK_END>:
  30:	0820      	tloadr	r0, [pc, #128]	; (b4 <DAT0>)
  32:	6bc0      	tmcsr	r0
  34:	0821      	tloadr	r0, [pc, #132]	; (bc <DAT0+0x8>)
  36:	0685      	tmov	sp, r0
  38:	081f      	tloadr	r0, [pc, #124]	; (b8 <DAT0+0x4>)
  3a:	6bc0      	tmcsr	r0
  3c:	0820      	tloadr	r0, [pc, #128]	; (c0 <DAT0+0xc>)
  3e:	0685      	tmov	sp, r0
  40:	a000      	tmovs	r0, #0
  42:	0920      	tloadr	r1, [pc, #128]	; (c4 <DAT0+0x10>)
  44:	0a20      	tloadr	r2, [pc, #128]	; (c8 <DAT0+0x14>)

00000046 <ZERO>:
  46:	0291      	tcmp	r1, r2
  48:	ca02      	tjge.n	50 <ZERO_END>
  4a:	5008      	tstorer	r0, [r1, #0]
  4c:	b104      	tadds	r1, #4
  4e:	87fa      	tj.n	46 <ZERO>

00000050 <ZERO_END>:
  50:	091f      	tloadr	r1, [pc, #124]	; (d0 <DAT0+0x1c>)
  52:	0a20      	tloadr	r2, [pc, #128]	; (d4 <DAT0+0x20>)

00000054 <ZERO_TAG>:
  54:	0291      	tcmp	r1, r2
  56:	ca02      	tjge.n	5e <SETIC>
  58:	5008      	tstorer	r0, [r1, #0]
  5a:	b104      	tadds	r1, #4
  5c:	87fa      	tj.n	54 <ZERO_TAG>

0000005e <SETIC>:
  5e:	091b      	tloadr	r1, [pc, #108]	; (cc <DAT0+0x18>)
  60:	081d      	tloadr	r0, [pc, #116]	; (d8 <DAT0+0x24>)
  62:	081d      	tloadr	r0, [pc, #116]	; (d8 <DAT0+0x24>)
  64:	081c      	tloadr	r0, [pc, #112]	; (d8 <DAT0+0x24>)
  66:	081c      	tloadr	r0, [pc, #112]	; (d8 <DAT0+0x24>)

00000068 <COPY_CODE_INIT>:
  68:	a373      	tmovs	r3, #115	; 0x73
  6a:	f31b      	tshftls	r3, r3, #12
  6c:	581b      	tloadr	r3, [r3, #0]
  6e:	ab00      	tcmp	r3, #0
  70:	c112      	tjne.n	98 <COPY_DATA_INIT>
  72:	a272      	tmovs	r2, #114	; 0x72
  74:	0b05      	tloadr	r3, [pc, #20]	; (8c <COPY_CODE_DAT>)
  76:	0806      	tloadr	r0, [pc, #24]	; (90 <COPY_CODE_DAT+0x4>)
  78:	f312      	tshftls	r2, r2, #12

0000007a <COPY_CODE_START>:
  7a:	da02      	tloadm	r2!, {r1}
  7c:	d302      	tstorem	r3!, {r1}
  7e:	0283      	tcmp	r3, r0
  80:	c1fb      	tjne.n	7a <COPY_CODE_START>
  82:	0b04      	tloadr	r3, [pc, #16]	; (94 <COPY_CODE_DAT+0x8>)
  84:	a288      	tmovs	r2, #136	; 0x88
  86:	401a      	tstorerb	r2, [r3, #0]

00000088 <COPY_CODE_END>:
  88:	87fe      	tj.n	88 <COPY_CODE_END>
  8a:	46c0      	tnop			; (mov r8, r8)

0000008c <COPY_CODE_DAT>:
  8c:	00808000 	taddeq	r8, r0, r0
  90:	00808600 	taddeq	r8, r0, r0, lsl #12
  94:	00800602 	taddeq	r0, r0, r2, lsl #12

00000098 <COPY_DATA_INIT>:
  98:	0910      	tloadr	r1, [pc, #64]	; (dc <DATA_I>)
  9a:	0a11      	tloadr	r2, [pc, #68]	; (e0 <DATA_I+0x4>)
  9c:	0b11      	tloadr	r3, [pc, #68]	; (e4 <DATA_I+0x8>)

0000009e <COPY_DATA>:
  9e:	029a      	tcmp	r2, r3
  a0:	ca04      	tjge.n	ac <COPY_DATA_END>
  a2:	5808      	tloadr	r0, [r1, #0]
  a4:	5010      	tstorer	r0, [r2, #0]
  a6:	b104      	tadds	r1, #4
  a8:	b204      	tadds	r2, #4
  aa:	87f8      	tj.n	9e <COPY_DATA>

000000ac <COPY_DATA_END>:
  ac:	9000 9842 	tjl	134 <main>

000000b0 <END>:
  b0:	87fe      	tj.n	b0 <END>
  b2:	46c0      	tnop			; (mov r8, r8)

000000b4 <DAT0>:
  b4:	00000012 	tandeq	r0, r0, r2, lsl r0
  b8:	00000013 	tandeq	r0, r0, r3, lsl r0
  bc:	00808f80 	taddeq	r8, r0, r0, lsl #31
  c0:	0080c000 	taddeq	ip, r0, r0
  c4:	00808e00 	taddeq	r8, r0, r0, lsl #28
  c8:	00809180 	taddeq	r9, r0, r0, lsl #3
  cc:	0080060c 	taddeq	r0, r0, ip, lsl #12
  d0:	00808500 	taddeq	r8, r0, r0, lsl #10
  d4:	00808600 	taddeq	r8, r0, r0, lsl #12
  d8:	00000005 	tandeq	r0, r0, r5

000000dc <DATA_I>:
  dc:	00000484 	tandeq	r0, r0, r4, lsl #9
  e0:	00808e00 	taddeq	r8, r0, r0, lsl #28
  e4:	00808e00 	taddeq	r8, r0, r0, lsl #28

000000e8 <FLL_D>:
  e8:	ffffffff 	undefined instruction 0xffffffff
  ec:	00808e00 	taddeq	r8, r0, r0, lsl #28
  f0:	0080c000 	taddeq	ip, r0, r0
  f4:	46c0      	tnop			; (mov r8, r8)
  f6:	46c0      	tnop			; (mov r8, r8)
  f8:	46c0      	tnop			; (mov r8, r8)
  fa:	46c0      	tnop			; (mov r8, r8)
  fc:	46c0      	tnop			; (mov r8, r8)
  fe:	46c0      	tnop			; (mov r8, r8)

00000100 <__irq>:
 100:	6500      	tpush	{lr}
 102:	64ff      	tpush	{r0, r1, r2, r3, r4, r5, r6, r7}
 104:	6bd8      	tmrss	r0
 106:	0641      	tmov	r1, r8
 108:	064a      	tmov	r2, r9
 10a:	0653      	tmov	r3, sl
 10c:	065c      	tmov	r4, fp
 10e:	0665      	tmov	r5, ip
 110:	643f      	tpush	{r0, r1, r2, r3, r4, r5}
 112:	9000 980d 	tjl	130 <irq_handler>
 116:	6c3f      	tpop	{r0, r1, r2, r3, r4, r5}
 118:	0688      	tmov	r8, r1
 11a:	0691      	tmov	r9, r2
 11c:	069a      	tmov	sl, r3
 11e:	06a3      	tmov	fp, r4
 120:	06ac      	tmov	ip, r5
 122:	6bd0      	tmssr	r0
 124:	6cff      	tpop	{r0, r1, r2, r3, r4, r5, r6, r7}
 126:	6900      	treti	{pc}

00000128 <ASMEND>:
 128:	46c0      	tnop			; (mov r8, r8)
 12a:	46c0      	tnop			; (mov r8, r8)
 12c:	46c0      	tnop			; (mov r8, r8)
 12e:	46c0      	tnop			; (mov r8, r8)

Disassembly of section .ram_code:

00000130 <irq_handler>:
irq_handler():
 130:	0770      	tjex	lr
 132:	46c0      	tnop			; (mov r8, r8)

00000134 <main>:
main():
 134:	65f0      	tpush	{r4, r5, r6, r7, lr}
 136:	6081      	tsub	sp, #4
 138:	a300      	tmovs	r3, #0
 13a:	0a51      	tloadr	r2, [pc, #324]	; (280 <IRQ_STK_SIZE+0x100>)
 13c:	4013      	tstorerb	r3, [r2, #0]
 13e:	b201      	tadds	r2, #1
 140:	4013      	tstorerb	r3, [r2, #0]
 142:	b201      	tadds	r2, #1
 144:	4013      	tstorerb	r3, [r2, #0]
 146:	a2ff      	tmovs	r2, #255	; 0xff
 148:	094e      	tloadr	r1, [pc, #312]	; (284 <IRQ_STK_SIZE+0x104>)
 14a:	400a      	tstorerb	r2, [r1, #0]
 14c:	b101      	tadds	r1, #1
 14e:	400a      	tstorerb	r2, [r1, #0]
 150:	a101      	tmovs	r1, #1
 152:	0a4d      	tloadr	r2, [pc, #308]	; (288 <IRQ_STK_SIZE+0x108>)
 154:	4011      	tstorerb	r1, [r2, #0]
 156:	ba0d      	tsubs	r2, #13
 158:	baff      	tsubs	r2, #255	; 0xff
 15a:	4811      	tloadrb	r1, [r2, #0]
 15c:	4013      	tstorerb	r3, [r2, #0]
 15e:	a580      	tmovs	r5, #128	; 0x80
 160:	f2ad      	tshftls	r5, r5, #10
 162:	0c4a      	tloadr	r4, [pc, #296]	; (28c <IRQ_STK_SIZE+0x10c>)
 164:	ec28      	tadds	r0, r5, #0
 166:	a180      	tmovs	r1, #128	; 0x80
 168:	f049      	tshftls	r1, r1, #1
 16a:	ec22      	tadds	r2, r4, #0
 16c:	9000 994e 	tjl	40c <flash_read_page>
 170:	59a3      	tloadr	r3, [r4, #24]
 172:	3300      	tstorer	r3, [sp, #0]
 174:	02ab      	tcmp	r3, r5
 176:	cc7c      	tjgt.n	272 <IRQ_STK_SIZE+0xf2>
 178:	a780      	tmovs	r7, #128	; 0x80
 17a:	f17f      	tshftls	r7, r7, #5
 17c:	02bb      	tcmp	r3, r7
 17e:	cd7c      	tjle.n	27a <IRQ_STK_SIZE+0xfa>
 180:	0d43      	tloadr	r5, [pc, #268]	; (290 <IRQ_STK_SIZE+0x110>)
 182:	a680      	tmovs	r6, #128	; 0x80
 184:	f076      	tshftls	r6, r6, #1
 186:	f53b      	tshftls	r3, r7, #20
 188:	ab00      	tcmp	r3, #0
 18a:	c06e      	tjeq.n	26a <IRQ_STK_SIZE+0xea>
 18c:	a380      	tmovs	r3, #128	; 0x80
 18e:	f29b      	tshftls	r3, r3, #10
 190:	e8f8      	tadds	r0, r7, r3
 192:	a180      	tmovs	r1, #128	; 0x80
 194:	f049      	tshftls	r1, r1, #1
 196:	ec22      	tadds	r2, r4, #0
 198:	9000 9938 	tjl	40c <flash_read_page>
 19c:	ec38      	tadds	r0, r7, #0
 19e:	a180      	tmovs	r1, #128	; 0x80
 1a0:	f049      	tshftls	r1, r1, #1
 1a2:	ec22      	tadds	r2, r4, #0
 1a4:	9000 9904 	tjl	3b0 <flash_write_page>
 1a8:	ec38      	tadds	r0, r7, #0
 1aa:	a180      	tmovs	r1, #128	; 0x80
 1ac:	f049      	tshftls	r1, r1, #1
 1ae:	ec2a      	tadds	r2, r5, #0
 1b0:	9000 992c 	tjl	40c <flash_read_page>
 1b4:	a300      	tmovs	r3, #0
 1b6:	8002      	tj.n	1be <IRQ_STK_SIZE+0x3e>
 1b8:	b301      	tadds	r3, #1
 1ba:	02b3      	tcmp	r3, r6
 1bc:	c007      	tjeq.n	1ce <IRQ_STK_SIZE+0x4e>
 1be:	1ce1      	tloadrb	r1, [r4, r3]
 1c0:	1cea      	tloadrb	r2, [r5, r3]
 1c2:	0291      	tcmp	r1, r2
 1c4:	c0f8      	tjeq.n	1b8 <IRQ_STK_SIZE+0x38>
 1c6:	0b33      	tloadr	r3, [pc, #204]	; (294 <IRQ_STK_SIZE+0x114>)
 1c8:	001f      	tands	r7, r3
 1ca:	bf01      	tsubs	r7, #1
 1cc:	bfff      	tsubs	r7, #255	; 0xff
 1ce:	b701      	tadds	r7, #1
 1d0:	b7ff      	tadds	r7, #255	; 0xff
 1d2:	3b00      	tloadr	r3, [sp, #0]
 1d4:	02bb      	tcmp	r3, r7
 1d6:	ccd6      	tjgt.n	186 <IRQ_STK_SIZE+0x6>
 1d8:	a700      	tmovs	r7, #0
 1da:	a680      	tmovs	r6, #128	; 0x80
 1dc:	f076      	tshftls	r6, r6, #1
 1de:	f53b      	tshftls	r3, r7, #20
 1e0:	ab00      	tcmp	r3, #0
 1e2:	c03e      	tjeq.n	262 <IRQ_STK_SIZE+0xe2>
 1e4:	a380      	tmovs	r3, #128	; 0x80
 1e6:	f29b      	tshftls	r3, r3, #10
 1e8:	e8f8      	tadds	r0, r7, r3
 1ea:	a180      	tmovs	r1, #128	; 0x80
 1ec:	f049      	tshftls	r1, r1, #1
 1ee:	ec22      	tadds	r2, r4, #0
 1f0:	9000 990c 	tjl	40c <flash_read_page>
 1f4:	ec38      	tadds	r0, r7, #0
 1f6:	a180      	tmovs	r1, #128	; 0x80
 1f8:	f049      	tshftls	r1, r1, #1
 1fa:	ec22      	tadds	r2, r4, #0
 1fc:	9000 98d8 	tjl	3b0 <flash_write_page>
 200:	ec38      	tadds	r0, r7, #0
 202:	a180      	tmovs	r1, #128	; 0x80
 204:	f049      	tshftls	r1, r1, #1
 206:	ec2a      	tadds	r2, r5, #0
 208:	9000 9900 	tjl	40c <flash_read_page>
 20c:	a300      	tmovs	r3, #0
 20e:	8002      	tj.n	216 <IRQ_STK_SIZE+0x96>
 210:	b301      	tadds	r3, #1
 212:	02b3      	tcmp	r3, r6
 214:	c007      	tjeq.n	226 <IRQ_STK_SIZE+0xa6>
 216:	1ce1      	tloadrb	r1, [r4, r3]
 218:	1cea      	tloadrb	r2, [r5, r3]
 21a:	0291      	tcmp	r1, r2
 21c:	c0f8      	tjeq.n	210 <IRQ_STK_SIZE+0x90>
 21e:	0b1d      	tloadr	r3, [pc, #116]	; (294 <IRQ_STK_SIZE+0x114>)
 220:	001f      	tands	r7, r3
 222:	bf01      	tsubs	r7, #1
 224:	bfff      	tsubs	r7, #255	; 0xff
 226:	b701      	tadds	r7, #1
 228:	b7ff      	tadds	r7, #255	; 0xff
 22a:	0b1b      	tloadr	r3, [pc, #108]	; (298 <IRQ_STK_SIZE+0x118>)
 22c:	029f      	tcmp	r7, r3
 22e:	cdd6      	tjle.n	1de <IRQ_STK_SIZE+0x5e>
 230:	a300      	tmovs	r3, #0
 232:	4023      	tstorerb	r3, [r4, #0]
 234:	a0e6      	tmovs	r0, #230	; 0xe6
 236:	f2c0      	tshftls	r0, r0, #11
 238:	a101      	tmovs	r1, #1
 23a:	ec22      	tadds	r2, r4, #0
 23c:	9000 98b8 	tjl	3b0 <flash_write_page>
 240:	3c00      	tloadr	r4, [sp, #0]
 242:	bc01      	tsubs	r4, #1
 244:	a3f8      	tmovs	r3, #248	; 0xf8
 246:	f25b      	tshftls	r3, r3, #9
 248:	001c      	tands	r4, r3
 24a:	a380      	tmovs	r3, #128	; 0x80
 24c:	f29b      	tshftls	r3, r3, #10
 24e:	e8e0      	tadds	r0, r4, r3
 250:	9000 988e 	tjl	370 <flash_erase_sector>
 254:	0b11      	tloadr	r3, [pc, #68]	; (29c <IRQ_STK_SIZE+0x11c>)
 256:	e8e4      	tadds	r4, r4, r3
 258:	c5f7      	tjpl.n	24a <IRQ_STK_SIZE+0xca>
 25a:	a220      	tmovs	r2, #32
 25c:	0b10      	tloadr	r3, [pc, #64]	; (2a0 <IRQ_STK_SIZE+0x120>)
 25e:	401a      	tstorerb	r2, [r3, #0]
 260:	87fe      	tj.n	260 <IRQ_STK_SIZE+0xe0>
 262:	ec38      	tadds	r0, r7, #0
 264:	9000 9884 	tjl	370 <flash_erase_sector>
 268:	87bc      	tj.n	1e4 <IRQ_STK_SIZE+0x64>
 26a:	ec38      	tadds	r0, r7, #0
 26c:	9000 9880 	tjl	370 <flash_erase_sector>
 270:	878c      	tj.n	18c <IRQ_STK_SIZE+0xc>
 272:	0a0c      	tloadr	r2, [pc, #48]	; (2a4 <IRQ_STK_SIZE+0x124>)
 274:	0b0c      	tloadr	r3, [pc, #48]	; (2a8 <IRQ_STK_SIZE+0x128>)
 276:	201a      	tstorerh	r2, [r3, #0]
 278:	87fe      	tj.n	278 <IRQ_STK_SIZE+0xf8>
 27a:	0d05      	tloadr	r5, [pc, #20]	; (290 <IRQ_STK_SIZE+0x110>)
 27c:	87ac      	tj.n	1d8 <IRQ_STK_SIZE+0x58>
 27e:	46c0      	tnop			; (mov r8, r8)
 280:	00800060 	taddeq	r0, r0, r0, rrx
 284:	00800063 	taddeq	r0, r0, r3, rrx
 288:	0080074f 	taddeq	r0, r0, pc, asr #14
 28c:	00808f80 	taddeq	r8, r0, r0, lsl #31
 290:	00809080 	taddeq	r9, r0, r0, lsl #1
 294:	00fff000 	trsubcseq	pc, pc, r0
 298:	00000fff 	undefined instruction 0x00000fff
 29c:	fffff000 	undefined instruction 0xfffff000
 2a0:	0080006f 	taddeq	r0, r0, pc, rrx
 2a4:	000055aa 	tandeq	r5, r0, sl, lsr #11
 2a8:	00808000 	taddeq	r8, r0, r0

000002ac <sleep_us>:
sleep_us():
 2ac:	0a03      	tloadr	r2, [pc, #12]	; (2bc <sleep_us+0x10>)
 2ae:	5811      	tloadr	r1, [r2, #0]
 2b0:	f140      	tshftls	r0, r0, #5
 2b2:	5813      	tloadr	r3, [r2, #0]
 2b4:	ea5b      	tsubs	r3, r3, r1
 2b6:	0298      	tcmp	r0, r3
 2b8:	c2fb      	tjcs.n	2b2 <sleep_us+0x6>
 2ba:	0770      	tjex	lr
 2bc:	00800740 	taddeq	r0, r0, r0, asr #14

000002c0 <flash_send_addr>:
flash_send_addr():
 2c0:	f202      	tshftls	r2, r0, #8
 2c2:	fe12      	tshftrs	r2, r2, #24
 2c4:	0b0c      	tloadr	r3, [pc, #48]	; (2f8 <flash_send_addr+0x38>)
 2c6:	401a      	tstorerb	r2, [r3, #0]
 2c8:	090c      	tloadr	r1, [pc, #48]	; (2fc <flash_send_addr+0x3c>)
 2ca:	a210      	tmovs	r2, #16
 2cc:	480b      	tloadrb	r3, [r1, #0]
 2ce:	021a      	tnand	r2, r3
 2d0:	c1fc      	tjne.n	2cc <flash_send_addr+0xc>
 2d2:	f402      	tshftls	r2, r0, #16
 2d4:	fe12      	tshftrs	r2, r2, #24
 2d6:	0b08      	tloadr	r3, [pc, #32]	; (2f8 <flash_send_addr+0x38>)
 2d8:	401a      	tstorerb	r2, [r3, #0]
 2da:	0908      	tloadr	r1, [pc, #32]	; (2fc <flash_send_addr+0x3c>)
 2dc:	a210      	tmovs	r2, #16
 2de:	480b      	tloadrb	r3, [r1, #0]
 2e0:	021a      	tnand	r2, r3
 2e2:	c1fc      	tjne.n	2de <flash_send_addr+0x1e>
 2e4:	f600      	tshftls	r0, r0, #24
 2e6:	fe00      	tshftrs	r0, r0, #24
 2e8:	0b03      	tloadr	r3, [pc, #12]	; (2f8 <flash_send_addr+0x38>)
 2ea:	4018      	tstorerb	r0, [r3, #0]
 2ec:	0903      	tloadr	r1, [pc, #12]	; (2fc <flash_send_addr+0x3c>)
 2ee:	a210      	tmovs	r2, #16
 2f0:	480b      	tloadrb	r3, [r1, #0]
 2f2:	021a      	tnand	r2, r3
 2f4:	c1fc      	tjne.n	2f0 <flash_send_addr+0x30>
 2f6:	0770      	tjex	lr
 2f8:	0080000c 	taddeq	r0, r0, ip
 2fc:	0080000d 	taddeq	r0, r0, sp

00000300 <flash_send_cmd>:
flash_send_cmd():
 300:	6530      	tpush	{r4, r5, lr}
 302:	ec05      	tadds	r5, r0, #0
 304:	0c07      	tloadr	r4, [pc, #28]	; (324 <BUILD_VERSION+0x23>)
 306:	a301      	tmovs	r3, #1
 308:	4023      	tstorerb	r3, [r4, #0]
 30a:	a001      	tmovs	r0, #1
 30c:	97ff 9fce 	tjl	2ac <sleep_us>
 310:	a300      	tmovs	r3, #0
 312:	4023      	tstorerb	r3, [r4, #0]
 314:	0b04      	tloadr	r3, [pc, #16]	; (328 <BUILD_VERSION+0x27>)
 316:	401d      	tstorerb	r5, [r3, #0]
 318:	a210      	tmovs	r2, #16
 31a:	4823      	tloadrb	r3, [r4, #0]
 31c:	021a      	tnand	r2, r3
 31e:	c1fc      	tjne.n	31a <BUILD_VERSION+0x19>
 320:	6d30      	tpop	{r4, r5, pc}
 322:	46c0      	tnop			; (mov r8, r8)
 324:	0080000d 	taddeq	r0, r0, sp
 328:	0080000c 	taddeq	r0, r0, ip

0000032c <flash_wait_done>:
flash_wait_done():
 32c:	6570      	tpush	{r4, r5, r6, lr}
 32e:	a064      	tmovs	r0, #100	; 0x64
 330:	97ff 9fbc 	tjl	2ac <sleep_us>
 334:	a005      	tmovs	r0, #5
 336:	97ff 9fe3 	tjl	300 <flash_send_cmd>
 33a:	080a      	tloadr	r0, [pc, #40]	; (364 <flash_wait_done+0x38>)
 33c:	0c0a      	tloadr	r4, [pc, #40]	; (368 <flash_wait_done+0x3c>)
 33e:	a600      	tmovs	r6, #0
 340:	090a      	tloadr	r1, [pc, #40]	; (36c <flash_wait_done+0x40>)
 342:	a210      	tmovs	r2, #16
 344:	a501      	tmovs	r5, #1
 346:	4026      	tstorerb	r6, [r4, #0]
 348:	480b      	tloadrb	r3, [r1, #0]
 34a:	021a      	tnand	r2, r3
 34c:	c1fc      	tjne.n	348 <flash_wait_done+0x1c>
 34e:	4823      	tloadrb	r3, [r4, #0]
 350:	021d      	tnand	r5, r3
 352:	c002      	tjeq.n	35a <flash_wait_done+0x2e>
 354:	b801      	tsubs	r0, #1
 356:	a800      	tcmp	r0, #0
 358:	c1f5      	tjne.n	346 <flash_wait_done+0x1a>
 35a:	a201      	tmovs	r2, #1
 35c:	0b03      	tloadr	r3, [pc, #12]	; (36c <flash_wait_done+0x40>)
 35e:	401a      	tstorerb	r2, [r3, #0]
 360:	6d70      	tpop	{r4, r5, r6, pc}
 362:	46c0      	tnop			; (mov r8, r8)
 364:	00989680 	taddseq	r9, r8, r0, lsl #13
 368:	0080000c 	taddeq	r0, r0, ip
 36c:	0080000d 	taddeq	r0, r0, sp

00000370 <flash_erase_sector>:
flash_erase_sector():
 370:	6570      	tpush	{r4, r5, r6, lr}
 372:	ec06      	tadds	r6, r0, #0
 374:	0c0b      	tloadr	r4, [pc, #44]	; (3a4 <flash_erase_sector+0x34>)
 376:	4825      	tloadrb	r5, [r4, #0]
 378:	a300      	tmovs	r3, #0
 37a:	4023      	tstorerb	r3, [r4, #0]
 37c:	a208      	tmovs	r2, #8
 37e:	0b0a      	tloadr	r3, [pc, #40]	; (3a8 <flash_erase_sector+0x38>)
 380:	401a      	tstorerb	r2, [r3, #0]
 382:	a006      	tmovs	r0, #6
 384:	97ff 9fbc 	tjl	300 <flash_send_cmd>
 388:	a020      	tmovs	r0, #32
 38a:	97ff 9fb9 	tjl	300 <flash_send_cmd>
 38e:	ec30      	tadds	r0, r6, #0
 390:	97ff 9f96 	tjl	2c0 <flash_send_addr>
 394:	a201      	tmovs	r2, #1
 396:	0b05      	tloadr	r3, [pc, #20]	; (3ac <flash_erase_sector+0x3c>)
 398:	401a      	tstorerb	r2, [r3, #0]
 39a:	97ff 9fc7 	tjl	32c <flash_wait_done>
 39e:	4025      	tstorerb	r5, [r4, #0]
 3a0:	6d70      	tpop	{r4, r5, r6, pc}
 3a2:	46c0      	tnop			; (mov r8, r8)
 3a4:	00800643 	taddeq	r0, r0, r3, asr #12
 3a8:	00800623 	taddeq	r0, r0, r3, lsr #12
 3ac:	0080000d 	taddeq	r0, r0, sp

000003b0 <flash_write_page>:
flash_write_page():
 3b0:	65f0      	tpush	{r4, r5, r6, r7, lr}
 3b2:	ec06      	tadds	r6, r0, #0
 3b4:	ec0c      	tadds	r4, r1, #0
 3b6:	ec15      	tadds	r5, r2, #0
 3b8:	0b11      	tloadr	r3, [pc, #68]	; (400 <flash_write_page+0x50>)
 3ba:	481f      	tloadrb	r7, [r3, #0]
 3bc:	a200      	tmovs	r2, #0
 3be:	401a      	tstorerb	r2, [r3, #0]
 3c0:	a006      	tmovs	r0, #6
 3c2:	97ff 9f9d 	tjl	300 <flash_send_cmd>
 3c6:	a002      	tmovs	r0, #2
 3c8:	97ff 9f9a 	tjl	300 <flash_send_cmd>
 3cc:	ec30      	tadds	r0, r6, #0
 3ce:	97ff 9f77 	tjl	2c0 <flash_send_addr>
 3d2:	ac00      	tcmp	r4, #0
 3d4:	c00b      	tjeq.n	3ee <flash_write_page+0x3e>
 3d6:	a000      	tmovs	r0, #0
 3d8:	0e0a      	tloadr	r6, [pc, #40]	; (404 <flash_write_page+0x54>)
 3da:	090b      	tloadr	r1, [pc, #44]	; (408 <flash_write_page+0x58>)
 3dc:	a210      	tmovs	r2, #16
 3de:	1c2b      	tloadrb	r3, [r5, r0]
 3e0:	4033      	tstorerb	r3, [r6, #0]
 3e2:	480b      	tloadrb	r3, [r1, #0]
 3e4:	021a      	tnand	r2, r3
 3e6:	c1fc      	tjne.n	3e2 <flash_write_page+0x32>
 3e8:	b001      	tadds	r0, #1
 3ea:	0284      	tcmp	r4, r0
 3ec:	c8f7      	tjhi.n	3de <flash_write_page+0x2e>
 3ee:	a201      	tmovs	r2, #1
 3f0:	0b05      	tloadr	r3, [pc, #20]	; (408 <flash_write_page+0x58>)
 3f2:	401a      	tstorerb	r2, [r3, #0]
 3f4:	97ff 9f9a 	tjl	32c <flash_wait_done>
 3f8:	0b01      	tloadr	r3, [pc, #4]	; (400 <flash_write_page+0x50>)
 3fa:	401f      	tstorerb	r7, [r3, #0]
 3fc:	6df0      	tpop	{r4, r5, r6, r7, pc}
 3fe:	46c0      	tnop			; (mov r8, r8)
 400:	00800643 	taddeq	r0, r0, r3, asr #12
 404:	0080000c 	taddeq	r0, r0, ip
 408:	0080000d 	taddeq	r0, r0, sp

0000040c <flash_read_page>:
flash_read_page():
 40c:	65f0      	tpush	{r4, r5, r6, r7, lr}
 40e:	0647      	tmov	r7, r8
 410:	6480      	tpush	{r7}
 412:	ec07      	tadds	r7, r0, #0
 414:	ec0c      	tadds	r4, r1, #0
 416:	ec15      	tadds	r5, r2, #0
 418:	0b17      	tloadr	r3, [pc, #92]	; (478 <flash_read_page+0x6c>)
 41a:	481a      	tloadrb	r2, [r3, #0]
 41c:	0690      	tmov	r8, r2
 41e:	a600      	tmovs	r6, #0
 420:	401e      	tstorerb	r6, [r3, #0]
 422:	a003      	tmovs	r0, #3
 424:	97ff 9f6c 	tjl	300 <flash_send_cmd>
 428:	ec38      	tadds	r0, r7, #0
 42a:	97ff 9f49 	tjl	2c0 <flash_send_addr>
 42e:	0b13      	tloadr	r3, [pc, #76]	; (47c <flash_read_page+0x70>)
 430:	401e      	tstorerb	r6, [r3, #0]
 432:	0813      	tloadr	r0, [pc, #76]	; (480 <flash_read_page+0x74>)
 434:	a110      	tmovs	r1, #16
 436:	0a12      	tloadr	r2, [pc, #72]	; (480 <flash_read_page+0x74>)
 438:	4803      	tloadrb	r3, [r0, #0]
 43a:	0219      	tnand	r1, r3
 43c:	c1fb      	tjne.n	436 <flash_read_page+0x2a>
 43e:	a30a      	tmovs	r3, #10
 440:	4013      	tstorerb	r3, [r2, #0]
 442:	a110      	tmovs	r1, #16
 444:	4813      	tloadrb	r3, [r2, #0]
 446:	0219      	tnand	r1, r3
 448:	c1fc      	tjne.n	444 <flash_read_page+0x38>
 44a:	ac00      	tcmp	r4, #0
 44c:	c00b      	tjeq.n	466 <flash_read_page+0x5a>
 44e:	a000      	tmovs	r0, #0
 450:	0e0a      	tloadr	r6, [pc, #40]	; (47c <flash_read_page+0x70>)
 452:	090b      	tloadr	r1, [pc, #44]	; (480 <flash_read_page+0x74>)
 454:	a210      	tmovs	r2, #16
 456:	4833      	tloadrb	r3, [r6, #0]
 458:	142b      	tstorerb	r3, [r5, r0]
 45a:	480b      	tloadrb	r3, [r1, #0]
 45c:	021a      	tnand	r2, r3
 45e:	c1fc      	tjne.n	45a <flash_read_page+0x4e>
 460:	b001      	tadds	r0, #1
 462:	02a0      	tcmp	r0, r4
 464:	c1f7      	tjne.n	456 <flash_read_page+0x4a>
 466:	a201      	tmovs	r2, #1
 468:	0b05      	tloadr	r3, [pc, #20]	; (480 <flash_read_page+0x74>)
 46a:	401a      	tstorerb	r2, [r3, #0]
 46c:	0b02      	tloadr	r3, [pc, #8]	; (478 <flash_read_page+0x6c>)
 46e:	0642      	tmov	r2, r8
 470:	401a      	tstorerb	r2, [r3, #0]
 472:	6c04      	tpop	{r2}
 474:	0690      	tmov	r8, r2
 476:	6df0      	tpop	{r4, r5, r6, r7, pc}
 478:	00800643 	taddeq	r0, r0, r3, asr #12
 47c:	0080000c 	taddeq	r0, r0, ip
 480:	0080000d 	taddeq	r0, r0, sp

Disassembly of section .bss:

00808e00 <_start_bss_>:
	...

00808f80 <buff>:
	...

00809080 <check_buff>:
	...

Disassembly of section .TC32.attributes:

00000000 <.TC32.attributes>:
   0:	00000f41 	tandeq	r0, r0, r1, asr #30
   4:	61656100 	tcmpnvs	r5, r0, lsl #2
   8:	01006962 	tnandeq	r0, r2, ror #18
   c:	00000005 	tandeq	r0, r0, r5

Disassembly of section .comment:

00000000 <.comment>:
   0:	3a434347 	tjcc	10d0d24 <_end_bss_+0x8c7ba4>
   4:	4e472820 	undefined instruction 0x4e472820
   8:	34202955 	tstorertcc	r2, [r0], #-2389	; 0x955
   c:	312e352e 	teqcc	lr, lr, lsr #10
  10:	3363742d 	tcmpncc	r3, #754974720	; 0x2d000000
  14:	2e312d32 	undefined instruction 0x2e312d32
  18:	Address 0x00000018 is out of bounds.

